ISim log file
Running: D:\HDL\FndtnISEWork\Zynq-7000\ZYBO\IP_test\cdc_vga_axi_slave_v1_00_a\CDC_axi_slave\CDC_axi_slave_tb_isim_beh.exe -intstyle ise -gui -tclbatch isim.cmd -view D:/HDL/FndtnISEWork/Zynq-7000/ZYBO/IP_test/cdc_vga_axi_slave_v1_00_a/CDC_axi_slave/CDC_axi_slave.wcfg -wdb D:/HDL/FndtnISEWork/Zynq-7000/ZYBO/IP_test/cdc_vga_axi_slave_v1_00_a/CDC_axi_slave/CDC_axi_slave_tb_isim_beh.wdb 
ISim P.20131013 (signature 0x7708f090)
This is a Full version of ISim.
Time resolution is 1 ps
# onerror resume
# run 2000 ns
Simulator is doing circuit initialization process.
Finished circuit initialization process.
ISim P.20131013 (signature 0x7708f090)
This is a Full version of ISim.
# run 2000 ns
Simulator is doing circuit initialization process.
Finished circuit initialization process.
ISim P.20131013 (signature 0x7708f090)
This is a Full version of ISim.
# run 2000 ns
Simulator is doing circuit initialization process.
Finished circuit initialization process.
ISim P.20131013 (signature 0x7708f090)
This is a Full version of ISim.
# run 2000 ns
Simulator is doing circuit initialization process.
Finished circuit initialization process.
